{
  "RSpec": {
    "coverage": {
      "/home/saasbook/cs169hw/hw4/rottenpotatoes/app/controllers/application_controller.rb": [
        1,
        1,
        null
      ],
      "/home/saasbook/cs169hw/hw4/rottenpotatoes/app/helpers/application_helper.rb": [
        1,
        null
      ],
      "/home/saasbook/cs169hw/hw4/rottenpotatoes/app/controllers/movies_controller.rb": [
        1,
        null,
        1,
        1,
        1,
        null,
        null,
        null,
        1,
        7,
        7,
        1,
        null,
        1,
        1,
        null,
        30,
        null,
        7,
        null,
        7,
        3,
        null,
        1,
        1,
        null,
        7,
        null,
        7,
        2,
        2,
        null,
        null,
        7,
        7,
        null,
        null,
        null,
        1,
        null,
        null,
        null,
        1,
        1,
        1,
        1,
        null,
        null,
        1,
        1,
        null,
        null,
        1,
        1,
        1,
        1,
        1,
        null,
        null,
        1,
        1,
        1,
        1,
        1,
        null,
        null,
        1,
        3,
        3,
        2,
        null,
        1,
        1,
        null,
        null,
        null,
        null
      ],
      "/home/saasbook/cs169hw/hw4/rottenpotatoes/app/models/movie.rb": [
        1,
        1,
        null,
        1,
        8,
        null,
        null,
        1,
        0,
        null,
        null,
        null
      ]
    },
    "timestamp": 1425287909
  }
}
